# JRE version: OpenJDK Runtime Environment (17.0.11) (build 17.0.11+0--11852314)
# Java VM: OpenJDK 64-Bit Server VM (17.0.11+0--11852314, mixed mode, tiered, compressed oops, compressed class ptrs, g1 gc, windows-amd64)
GC Precious Log:
 CPUs: 4 total, 4 available
 Memory: 3790M
 Large Page Support: Disabled
 NUMA Support: Disabled
 Compressed Oops: Enabled (32-bit)
 Heap Region Size: 1M
 Heap Min Capacity: 8M
 Heap Initial Capacity: 60M
 Heap Max Capacity: 2G
 Pre-touch: Disabled
 Parallel Workers: 4
 Concurrent Workers: 1
 Concurrent Refinement Workers: 4
 Periodic GC: Disabled
Heap:
 garbage-first heap   total 350208K, used 251744K [0x0000000080000000, 0x0000000100000000)
  region size 1024K, 73 young (74752K), 12 survivors (12288K)
 Metaspace       used 121237K, committed 122304K, reserved 1179648K
  class space    used 16371K, committed 16896K, reserved 1048576K
GC Heap History (20 events):
Event: 46.644 GC heap before
{Heap before GC invocations=46 (full 0):
 garbage-first heap   total 323584K, used 264825K [0x0000000080000000, 0x0000000100000000)
  region size 1024K, 105 young (107520K), 2 survivors (2048K)
 Metaspace       used 119181K, committed 120192K, reserved 1179648K
  class space    used 16097K, committed 16576K, reserved 1048576K
}
Event: 46.708 GC heap after
{Heap after GC invocations=47 (full 0):
 garbage-first heap   total 323584K, used 168563K [0x0000000080000000, 0x0000000100000000)
  region size 1024K, 10 young (10240K), 10 survivors (10240K)
 Metaspace       used 119181K, committed 120192K, reserved 1179648K
  class space    used 16097K, committed 16576K, reserved 1048576K
}
Event: 57.058 GC heap before
{Heap before GC invocations=48 (full 0):
 garbage-first heap   total 323584K, used 264819K [0x0000000080000000, 0x0000000100000000)
  region size 1024K, 105 young (107520K), 10 survivors (10240K)
 Metaspace       used 119187K, committed 120192K, reserved 1179648K
  class space    used 16098K, committed 16576K, reserved 1048576K
}
Event: 57.133 GC heap after
{Heap after GC invocations=49 (full 0):
 garbage-first heap   total 323584K, used 170885K [0x0000000080000000, 0x0000000100000000)
  region size 1024K, 6 young (6144K), 6 survivors (6144K)
 Metaspace       used 119187K, committed 120192K, reserved 1179648K
  class space    used 16098K, committed 16576K, reserved 1048576K
}
Event: 58.321 GC heap before
{Heap before GC invocations=49 (full 0):
 garbage-first heap   total 323584K, used 180101K [0x0000000080000000, 0x0000000100000000)
  region size 1024K, 15 young (15360K), 6 survivors (6144K)
 Metaspace       used 119187K, committed 120192K, reserved 1179648K
  class space    used 16098K, committed 16576K, reserved 1048576K
}
Event: 58.341 GC heap after
{Heap after GC invocations=50 (full 0):
 garbage-first heap   total 323584K, used 168836K [0x0000000080000000, 0x0000000100000000)
  region size 1024K, 2 young (2048K), 2 survivors (2048K)
 Metaspace       used 119187K, committed 120192K, reserved 1179648K
  class space    used 16098K, committed 16576K, reserved 1048576K
}
Event: 67.933 GC heap before
{Heap before GC invocations=50 (full 0):
 garbage-first heap   total 323584K, used 267140K [0x0000000080000000, 0x0000000100000000)
  region size 1024K, 98 young (100352K), 2 survivors (2048K)
 Metaspace       used 119190K, committed 120192K, reserved 1179648K
  class space    used 16098K, committed 16576K, reserved 1048576K
}
Event: 68.017 GC heap after
{Heap after GC invocations=51 (full 0):
 garbage-first heap   total 323584K, used 172847K [0x0000000080000000, 0x0000000100000000)
  region size 1024K, 6 young (6144K), 6 survivors (6144K)
 Metaspace       used 119190K, committed 120192K, reserved 1179648K
  class space    used 16098K, committed 16576K, reserved 1048576K
}
Event: 80.136 GC heap before
{Heap before GC invocations=51 (full 0):
 garbage-first heap   total 323584K, used 269103K [0x0000000080000000, 0x0000000100000000)
  region size 1024K, 100 young (102400K), 6 survivors (6144K)
 Metaspace       used 119193K, committed 120192K, reserved 1179648K
  class space    used 16098K, committed 16576K, reserved 1048576K
}
Event: 80.283 GC heap after
{Heap after GC invocations=52 (full 0):
 garbage-first heap   total 323584K, used 176725K [0x0000000080000000, 0x0000000100000000)
  region size 1024K, 10 young (10240K), 10 survivors (10240K)
 Metaspace       used 119193K, committed 120192K, reserved 1179648K
  class space    used 16098K, committed 16576K, reserved 1048576K
}
Event: 81.050 GC heap before
{Heap before GC invocations=52 (full 0):
 garbage-first heap   total 323584K, used 269909K [0x0000000080000000, 0x0000000100000000)
  region size 1024K, 101 young (103424K), 10 survivors (10240K)
 Metaspace       used 119193K, committed 120192K, reserved 1179648K
  class space    used 16098K, committed 16576K, reserved 1048576K
}
Event: 81.073 GC heap after
{Heap after GC invocations=53 (full 0):
 garbage-first heap   total 323584K, used 179614K [0x0000000080000000, 0x0000000100000000)
  region size 1024K, 9 young (9216K), 9 survivors (9216K)
 Metaspace       used 119193K, committed 120192K, reserved 1179648K
  class space    used 16098K, committed 16576K, reserved 1048576K
}
Event: 81.662 GC heap before
{Heap before GC invocations=54 (full 0):
 garbage-first heap   total 350208K, used 268702K [0x0000000080000000, 0x0000000100000000)
  region size 1024K, 96 young (98304K), 9 survivors (9216K)
 Metaspace       used 119193K, committed 120192K, reserved 1179648K
  class space    used 16098K, committed 16576K, reserved 1048576K
}
Event: 81.683 GC heap after
{Heap after GC invocations=55 (full 0):
 garbage-first heap   total 350208K, used 182952K [0x0000000080000000, 0x0000000100000000)
  region size 1024K, 9 young (9216K), 9 survivors (9216K)
 Metaspace       used 119193K, committed 120192K, reserved 1179648K
  class space    used 16098K, committed 16576K, reserved 1048576K
}
Event: 81.718 GC heap before
{Heap before GC invocations=55 (full 0):
 garbage-first heap   total 350208K, used 191144K [0x0000000080000000, 0x0000000100000000)
  region size 1024K, 17 young (17408K), 9 survivors (9216K)
 Metaspace       used 119193K, committed 120192K, reserved 1179648K
  class space    used 16098K, committed 16576K, reserved 1048576K
}
Event: 81.753 GC heap after
{Heap after GC invocations=56 (full 0):
 garbage-first heap   total 350208K, used 182272K [0x0000000080000000, 0x0000000100000000)
  region size 1024K, 3 young (3072K), 3 survivors (3072K)
 Metaspace       used 119193K, committed 120192K, reserved 1179648K
  class space    used 16098K, committed 16576K, reserved 1048576K
}
Event: 82.409 GC heap before
{Heap before GC invocations=56 (full 0):
 garbage-first heap   total 350208K, used 290816K [0x0000000080000000, 0x0000000100000000)
  region size 1024K, 109 young (111616K), 3 survivors (3072K)
 Metaspace       used 119193K, committed 120192K, reserved 1179648K
  class space    used 16098K, committed 16576K, reserved 1048576K
}
Event: 82.419 GC heap after
{Heap after GC invocations=57 (full 0):
 garbage-first heap   total 350208K, used 185905K [0x0000000080000000, 0x0000000100000000)
  region size 1024K, 7 young (7168K), 7 survivors (7168K)
 Metaspace       used 119193K, committed 120192K, reserved 1179648K
  class space    used 16098K, committed 16576K, reserved 1048576K
}
Event: 84.687 GC heap before
{Heap before GC invocations=57 (full 0):
 garbage-first heap   total 350208K, used 291377K [0x0000000080000000, 0x0000000100000000)
  region size 1024K, 111 young (113664K), 7 survivors (7168K)
 Metaspace       used 120528K, committed 121472K, reserved 1179648K
  class space    used 16291K, committed 16768K, reserved 1048576K
}
Event: 84.704 GC heap after
{Heap after GC invocations=58 (full 0):
 garbage-first heap   total 350208K, used 191328K [0x0000000080000000, 0x0000000100000000)
  region size 1024K, 12 young (12288K), 12 survivors (12288K)
 Metaspace       used 120528K, committed 121472K, reserved 1179648K
  class space    used 16291K, committed 16768K, reserved 1048576K
}

